#! /ivl-install/bin/vvp
:ivl_version "11.0 (devel)" "(s20150603-565-g3f24557e)";
:ivl_delay_selection "TYPICAL";
:vpi_time_precision + 0;
:vpi_module "system";
:vpi_module "vhdl_sys";
:vpi_module "vhdl_textio";
:vpi_module "v2005_math";
:vpi_module "va_math";
S_0000000005af6640 .scope module, "Test_Bench" "Test_Bench" 2 27;
 .timescale 0 0;
v0000000005af3940_0 .var "clk", 0 0;
v0000000005af39e0_0 .var "num", 7 0;
v0000000005af3a80_0 .net "res", 15 0, v0000000005af3800_0;  1 drivers
S_0000000005af67d0 .scope module, "sqrt" "Square_Rooter" 2 33, 2 1 0, S_0000000005af6640;
 .timescale 0 0;
    .port_info 0 /INPUT 1 "clk";
    .port_info 1 /INPUT 8 "num";
    .port_info 2 /OUTPUT 16 "res";
v0000000005af6960_0 .var "bitIndex", 7 0;
v0000000005af3580_0 .var "buffer", 7 0;
v0000000005af3620_0 .net "clk", 0 0, v0000000005af3940_0;  1 drivers
v0000000005af36c0_0 .var "i", 7 0;
v0000000005af3760_0 .net "num", 7 0, v0000000005af39e0_0;  1 drivers
v0000000005af3800_0 .var "res", 15 0;
v0000000005af38a0_0 .var "val", 15 0;
E_00000000001eb960 .event posedge, v0000000005af3620_0;
    .scope S_0000000005af67d0;
T_0 ;
    %pushi/vec4 0, 0, 16;
    %store/vec4 v0000000005af3800_0, 0, 16;
    %pushi/vec4 14, 0, 8;
    %store/vec4 v0000000005af6960_0, 0, 8;
    %pushi/vec4 0, 0, 8;
    %store/vec4 v0000000005af36c0_0, 0, 8;
    %pushi/vec4 4, 0, 8;
    %store/vec4 v0000000005af3580_0, 0, 8;
    %end;
    .thread T_0;
    .scope S_0000000005af67d0;
T_1 ;
    %wait E_00000000001eb960;
    %load/vec4 v0000000005af3760_0;
    %pad/u 16;
    %ix/load 4, 8, 0;
    %flag_set/imm 4, 0;
    %shiftl 4;
    %store/vec4 v0000000005af38a0_0, 0, 16;
T_1.0 ;
    %load/vec4 v0000000005af38a0_0;
    %pad/u 32;
    %ix/load 4, 15, 0;
    %flag_set/imm 4, 0;
    %shiftr 4;
    %pushi/vec4 1, 0, 32;
    %and;
    %load/vec4 v0000000005af38a0_0;
    %pad/u 32;
    %ix/load 4, 14, 0;
    %flag_set/imm 4, 0;
    %shiftr 4;
    %pushi/vec4 1, 0, 32;
    %and;
    %or;
    %pushi/vec4 1, 0, 32;
    %cmp/e;
    %flag_get/vec4 4;
    %nor/r;
    %flag_set/vec4 8;
    %jmp/0xz T_1.1, 8;
    %load/vec4 v0000000005af38a0_0;
    %ix/load 4, 2, 0;
    %flag_set/imm 4, 0;
    %shiftl 4;
    %store/vec4 v0000000005af38a0_0, 0, 16;
    %load/vec4 v0000000005af3580_0;
    %addi 1, 0, 8;
    %store/vec4 v0000000005af3580_0, 0, 8;
    %jmp T_1.0;
T_1.1 ;
T_1.2 ;
    %load/vec4 v0000000005af36c0_0;
    %pad/u 32;
    %cmpi/u 8, 0, 32;
    %jmp/0xz T_1.3, 5;
    %load/vec4 v0000000005af38a0_0;
    %pad/u 32;
    %load/vec4 v0000000005af3800_0;
    %pad/u 32;
    %pushi/vec4 1, 0, 32;
    %ix/getv 4, v0000000005af6960_0;
    %shiftl 4;
    %add;
    %cmp/u;
    %flag_get/vec4 5;
    %nor/r;
    %flag_set/vec4 8;
    %jmp/0xz  T_1.4, 8;
    %load/vec4 v0000000005af38a0_0;
    %load/vec4 v0000000005af3800_0;
    %pushi/vec4 1, 0, 16;
    %ix/getv 4, v0000000005af6960_0;
    %shiftl 4;
    %add;
    %inv;
    %add;
    %addi 1, 0, 16;
    %store/vec4 v0000000005af38a0_0, 0, 16;
    %load/vec4 v0000000005af3800_0;
    %pushi/vec4 1, 0, 16;
    %load/vec4 v0000000005af6960_0;
    %pad/u 32;
    %addi 1, 0, 32;
    %ix/vec4 4;
    %shiftl 4;
    %add;
    %store/vec4 v0000000005af3800_0, 0, 16;
T_1.4 ;
    %load/vec4 v0000000005af3800_0;
    %ix/load 4, 1, 0;
    %flag_set/imm 4, 0;
    %shiftr 4;
    %store/vec4 v0000000005af3800_0, 0, 16;
    %load/vec4 v0000000005af6960_0;
    %addi 254, 0, 8;
    %store/vec4 v0000000005af6960_0, 0, 8;
    %load/vec4 v0000000005af36c0_0;
    %addi 1, 0, 8;
    %store/vec4 v0000000005af36c0_0, 0, 8;
    %jmp T_1.2;
T_1.3 ;
    %jmp T_1;
    .thread T_1;
    .scope S_0000000005af6640;
T_2 ;
    %pushi/vec4 49, 0, 8;
    %store/vec4 v0000000005af39e0_0, 0, 8;
    %end;
    .thread T_2;
    .scope S_0000000005af6640;
T_3 ;
    %delay 5, 0;
    %pushi/vec4 0, 0, 1;
    %store/vec4 v0000000005af3940_0, 0, 1;
    %delay 5, 0;
    %pushi/vec4 1, 0, 1;
    %store/vec4 v0000000005af3940_0, 0, 1;
    %delay 5, 0;
    %vpi_call 2 38 "$display", "%b", v0000000005af3a80_0 {0 0 0};
    %end;
    .thread T_3;
# The file index is used to find the file name in the following table.
:file_names 3;
    "N/A";
    "<interactive>";
    "Program.v";
